<?xml version="1.0" encoding="UTF-8"?>
<coverage generated="1588441484255" clover="3.2.0">
  <project timestamp="1588441484255" name="All files">
    <metrics statements="38" coveredstatements="37" conditionals="9" coveredconditionals="6" methods="14" coveredmethods="14" elements="61" coveredelements="57" complexity="0" loc="38" ncloc="38" packages="2" files="4" classes="4"/>
    <package name="introduction-tdd-js">
      <metrics statements="37" coveredstatements="36" conditionals="9" coveredconditionals="6" methods="14" coveredmethods="14"/>
      <file name="add.js" path="/Users/colinrowntree/Documents/Web Development/Active NPM Projects/introduction-tdd-js/add.js">
        <metrics statements="2" coveredstatements="2" conditionals="0" coveredconditionals="0" methods="1" coveredmethods="1"/>
        <line num="2" count="1" type="stmt"/>
        <line num="7" count="1" type="stmt"/>
      </file>
      <file name="parse-stringify.js" path="/Users/colinrowntree/Documents/Web Development/Active NPM Projects/introduction-tdd-js/parse-stringify.js">
        <metrics statements="19" coveredstatements="19" conditionals="5" coveredconditionals="3" methods="5" coveredmethods="5"/>
        <line num="1" count="1" type="stmt"/>
        <line num="2" count="1" type="cond" truecount="1" falsecount="1"/>
        <line num="3" count="1" type="stmt"/>
        <line num="6" count="1" type="stmt"/>
        <line num="7" count="1" type="stmt"/>
        <line num="8" count="1" type="stmt"/>
        <line num="9" count="1" type="stmt"/>
        <line num="10" count="1" type="stmt"/>
        <line num="12" count="1" type="stmt"/>
        <line num="15" count="1" type="stmt"/>
        <line num="16" count="1" type="cond" truecount="2" falsecount="1"/>
        <line num="17" count="1" type="stmt"/>
        <line num="21" count="1" type="stmt"/>
        <line num="22" count="1" type="stmt"/>
        <line num="24" count="1" type="stmt"/>
        <line num="26" count="1" type="stmt"/>
        <line num="27" count="1" type="stmt"/>
        <line num="29" count="1" type="stmt"/>
        <line num="32" count="1" type="stmt"/>
      </file>
      <file name="users.js" path="/Users/colinrowntree/Documents/Web Development/Active NPM Projects/introduction-tdd-js/users.js">
        <metrics statements="16" coveredstatements="15" conditionals="4" coveredconditionals="3" methods="8" coveredmethods="8"/>
        <line num="1" count="1" type="stmt"/>
        <line num="3" count="1" type="stmt"/>
        <line num="4" count="2" type="stmt"/>
        <line num="6" count="2" type="stmt"/>
        <line num="7" count="1" type="stmt"/>
        <line num="9" count="1" type="cond" truecount="1" falsecount="1"/>
        <line num="10" count="0" type="stmt"/>
        <line num="13" count="1" type="stmt"/>
        <line num="19" count="1" type="stmt"/>
        <line num="20" count="4" type="stmt"/>
        <line num="22" count="4" type="stmt"/>
        <line num="23" count="6" type="stmt"/>
        <line num="25" count="4" type="cond" truecount="2" falsecount="0"/>
        <line num="26" count="1" type="stmt"/>
        <line num="29" count="3" type="stmt"/>
        <line num="35" count="1" type="stmt"/>
      </file>
    </package>
    <package name="introduction-tdd-js.db">
      <metrics statements="1" coveredstatements="1" conditionals="0" coveredconditionals="0" methods="0" coveredmethods="0"/>
      <file name="users.js" path="/Users/colinrowntree/Documents/Web Development/Active NPM Projects/introduction-tdd-js/db/users.js">
        <metrics statements="1" coveredstatements="1" conditionals="0" coveredconditionals="0" methods="0" coveredmethods="0"/>
        <line num="1" count="1" type="stmt"/>
      </file>
    </package>
  </project>
</coverage>
